# JRE version: OpenJDK Runtime Environment (17.0.6) (build 17.0.6+0-b2043.56-10027231)
# Java VM: OpenJDK 64-Bit Server VM (17.0.6+0-b2043.56-10027231, mixed mode, tiered, compressed oops, compressed class ptrs, g1 gc, windows-amd64)
GC Precious Log:
 CPUs: 8 total, 8 available
 Memory: 16118M
 Large Page Support: Disabled
 NUMA Support: Disabled
 Compressed Oops: Enabled (32-bit)
 Heap Region Size: 1M
 Heap Min Capacity: 8M
 Heap Initial Capacity: 252M
 Heap Max Capacity: 2G
 Pre-touch: Disabled
 Parallel Workers: 8
 Concurrent Workers: 2
 Concurrent Refinement Workers: 8
 Periodic GC: Disabled
Heap:
 garbage-first heap   total 332800K, used 190360K [0x0000000080000000, 0x0000000100000000)
  region size 1024K, 4 young (4096K), 1 survivors (1024K)
 Metaspace       used 153713K, committed 155392K, reserved 1187840K
  class space    used 20451K, committed 21248K, reserved 1048576K
GC Heap History (20 events):
Event: 498.651 GC heap before
{Heap before GC invocations=66 (full 0):
 garbage-first heap   total 332800K, used 175233K [0x0000000080000000, 0x0000000100000000)
  region size 1024K, 7 young (7168K), 6 survivors (6144K)
 Metaspace       used 139371K, committed 141440K, reserved 1187840K
  class space    used 18470K, committed 19392K, reserved 1048576K
}
Event: 498.655 GC heap after
{Heap after GC invocations=67 (full 0):
 garbage-first heap   total 332800K, used 175232K [0x0000000080000000, 0x0000000100000000)
  region size 1024K, 6 young (6144K), 6 survivors (6144K)
 Metaspace       used 139371K, committed 141440K, reserved 1187840K
  class space    used 18470K, committed 19392K, reserved 1048576K
}
Event: 520.003 GC heap before
{Heap before GC invocations=68 (full 0):
 garbage-first heap   total 332800K, used 281728K [0x0000000080000000, 0x0000000100000000)
  region size 1024K, 107 young (109568K), 6 survivors (6144K)
 Metaspace       used 139990K, committed 141568K, reserved 1187840K
  class space    used 18589K, committed 19392K, reserved 1048576K
}
Event: 520.012 GC heap after
{Heap after GC invocations=69 (full 0):
 garbage-first heap   total 332800K, used 170533K [0x0000000080000000, 0x0000000100000000)
  region size 1024K, 13 young (13312K), 13 survivors (13312K)
 Metaspace       used 139990K, committed 141568K, reserved 1187840K
  class space    used 18589K, committed 19392K, reserved 1048576K
}
Event: 520.428 GC heap before
{Heap before GC invocations=69 (full 0):
 garbage-first heap   total 332800K, used 173605K [0x0000000080000000, 0x0000000100000000)
  region size 1024K, 16 young (16384K), 13 survivors (13312K)
 Metaspace       used 140034K, committed 141568K, reserved 1187840K
  class space    used 18602K, committed 19392K, reserved 1048576K
}
Event: 520.437 GC heap after
{Heap after GC invocations=70 (full 0):
 garbage-first heap   total 332800K, used 158808K [0x0000000080000000, 0x0000000100000000)
  region size 1024K, 2 young (2048K), 2 survivors (2048K)
 Metaspace       used 140034K, committed 141568K, reserved 1187840K
  class space    used 18602K, committed 19392K, reserved 1048576K
}
Event: 521.833 GC heap before
{Heap before GC invocations=70 (full 0):
 garbage-first heap   total 332800K, used 187480K [0x0000000080000000, 0x0000000100000000)
  region size 1024K, 32 young (32768K), 2 survivors (2048K)
 Metaspace       used 140194K, committed 141696K, reserved 1187840K
  class space    used 18632K, committed 19392K, reserved 1048576K
}
Event: 521.836 GC heap after
{Heap after GC invocations=71 (full 0):
 garbage-first heap   total 332800K, used 161929K [0x0000000080000000, 0x0000000100000000)
  region size 1024K, 5 young (5120K), 5 survivors (5120K)
 Metaspace       used 140194K, committed 141696K, reserved 1187840K
  class space    used 18632K, committed 19392K, reserved 1048576K
}
Event: 522.731 GC heap before
{Heap before GC invocations=72 (full 0):
 garbage-first heap   total 332800K, used 275593K [0x0000000080000000, 0x0000000100000000)
  region size 1024K, 112 young (114688K), 5 survivors (5120K)
 Metaspace       used 143124K, committed 144640K, reserved 1187840K
  class space    used 18963K, committed 19712K, reserved 1048576K
}
Event: 522.738 GC heap after
{Heap after GC invocations=73 (full 0):
 garbage-first heap   total 332800K, used 179763K [0x0000000080000000, 0x0000000100000000)
  region size 1024K, 14 young (14336K), 14 survivors (14336K)
 Metaspace       used 143124K, committed 144640K, reserved 1187840K
  class space    used 18963K, committed 19712K, reserved 1048576K
}
Event: 522.763 GC heap before
{Heap before GC invocations=73 (full 0):
 garbage-first heap   total 332800K, used 180787K [0x0000000080000000, 0x0000000100000000)
  region size 1024K, 16 young (16384K), 14 survivors (14336K)
 Metaspace       used 143612K, committed 145152K, reserved 1187840K
  class space    used 19009K, committed 19776K, reserved 1048576K
}
Event: 522.772 GC heap after
{Heap after GC invocations=74 (full 0):
 garbage-first heap   total 332800K, used 167852K [0x0000000080000000, 0x0000000100000000)
  region size 1024K, 2 young (2048K), 2 survivors (2048K)
 Metaspace       used 143612K, committed 145152K, reserved 1187840K
  class space    used 19009K, committed 19776K, reserved 1048576K
}
Event: 523.473 GC heap before
{Heap before GC invocations=74 (full 0):
 garbage-first heap   total 332800K, used 265132K [0x0000000080000000, 0x0000000100000000)
  region size 1024K, 97 young (99328K), 2 survivors (2048K)
 Metaspace       used 153036K, committed 154624K, reserved 1187840K
  class space    used 20379K, committed 21120K, reserved 1048576K
}
Event: 523.479 GC heap after
{Heap after GC invocations=75 (full 0):
 garbage-first heap   total 332800K, used 172580K [0x0000000080000000, 0x0000000100000000)
  region size 1024K, 7 young (7168K), 7 survivors (7168K)
 Metaspace       used 153036K, committed 154624K, reserved 1187840K
  class space    used 20379K, committed 21120K, reserved 1048576K
}
Event: 524.133 GC heap before
{Heap before GC invocations=76 (full 0):
 garbage-first heap   total 332800K, used 267812K [0x0000000080000000, 0x0000000100000000)
  region size 1024K, 101 young (103424K), 7 survivors (7168K)
 Metaspace       used 153566K, committed 155264K, reserved 1187840K
  class space    used 20428K, committed 21248K, reserved 1048576K
}
Event: 524.139 GC heap after
{Heap after GC invocations=77 (full 0):
 garbage-first heap   total 332800K, used 175714K [0x0000000080000000, 0x0000000100000000)
  region size 1024K, 10 young (10240K), 10 survivors (10240K)
 Metaspace       used 153566K, committed 155264K, reserved 1187840K
  class space    used 20428K, committed 21248K, reserved 1048576K
}
Event: 524.176 GC heap before
{Heap before GC invocations=77 (full 0):
 garbage-first heap   total 332800K, used 180834K [0x0000000080000000, 0x0000000100000000)
  region size 1024K, 16 young (16384K), 10 survivors (10240K)
 Metaspace       used 153585K, committed 155264K, reserved 1187840K
  class space    used 20430K, committed 21248K, reserved 1048576K
}
Event: 524.185 GC heap after
{Heap after GC invocations=78 (full 0):
 garbage-first heap   total 332800K, used 172869K [0x0000000080000000, 0x0000000100000000)
  region size 1024K, 2 young (2048K), 2 survivors (2048K)
 Metaspace       used 153585K, committed 155264K, reserved 1187840K
  class space    used 20430K, committed 21248K, reserved 1048576K
}
Event: 524.236 GC heap before
{Heap before GC invocations=78 (full 0):
 garbage-first heap   total 332800K, used 182085K [0x0000000080000000, 0x0000000100000000)
  region size 1024K, 13 young (13312K), 2 survivors (2048K)
 Metaspace       used 153705K, committed 155392K, reserved 1187840K
  class space    used 20450K, committed 21248K, reserved 1048576K
}
Event: 524.238 GC heap after
{Heap after GC invocations=79 (full 0):
 garbage-first heap   total 332800K, used 171928K [0x0000000080000000, 0x0000000100000000)
  region size 1024K, 1 young (1024K), 1 survivors (1024K)
 Metaspace       used 153705K, committed 155392K, reserved 1187840K
  class space    used 20450K, committed 21248K, reserved 1048576K
}

