# JRE version: OpenJDK Runtime Environment (17.0.6) (build 17.0.6+0-b2043.56-10027231)
# Java VM: OpenJDK 64-Bit Server VM (17.0.6+0-b2043.56-10027231, mixed mode, tiered, compressed oops, compressed class ptrs, g1 gc, windows-amd64)
GC Precious Log:
 CPUs: 8 total, 8 available
 Memory: 16118M
 Large Page Support: Disabled
 NUMA Support: Disabled
 Compressed Oops: Enabled (32-bit)
 Heap Region Size: 1M
 Heap Min Capacity: 8M
 Heap Initial Capacity: 252M
 Heap Max Capacity: 2G
 Pre-touch: Disabled
 Parallel Workers: 8
 Concurrent Workers: 2
 Concurrent Refinement Workers: 8
 Periodic GC: Disabled
Heap:
 garbage-first heap   total 429056K, used 174983K [0x0000000080000000, 0x0000000100000000)
  region size 1024K, 12 young (12288K), 12 survivors (12288K)
 Metaspace       used 149304K, committed 150336K, reserved 1179648K
  class space    used 20182K, committed 20672K, reserved 1048576K
GC Heap History (20 events):
Event: 106.523 GC heap after
{Heap after GC invocations=44 (full 0):
 garbage-first heap   total 423936K, used 142462K [0x0000000080000000, 0x0000000100000000)
  region size 1024K, 4 young (4096K), 4 survivors (4096K)
 Metaspace       used 120908K, committed 121792K, reserved 1155072K
  class space    used 16768K, committed 17216K, reserved 1048576K
}
Event: 106.581 GC heap before
{Heap before GC invocations=44 (full 0):
 garbage-first heap   total 423936K, used 147582K [0x0000000080000000, 0x0000000100000000)
  region size 1024K, 10 young (10240K), 4 survivors (4096K)
 Metaspace       used 121071K, committed 121984K, reserved 1155072K
  class space    used 16792K, committed 17216K, reserved 1048576K
}
Event: 106.582 GC heap after
{Heap after GC invocations=45 (full 0):
 garbage-first heap   total 423936K, used 139952K [0x0000000080000000, 0x0000000100000000)
  region size 1024K, 1 young (1024K), 1 survivors (1024K)
 Metaspace       used 121071K, committed 121984K, reserved 1155072K
  class space    used 16792K, committed 17216K, reserved 1048576K
}
Event: 109.653 GC heap before
{Heap before GC invocations=46 (full 0):
 garbage-first heap   total 423936K, used 338944K [0x0000000080000000, 0x0000000100000000)
  region size 1024K, 185 young (189440K), 1 survivors (1024K)
 Metaspace       used 136536K, committed 137472K, reserved 1171456K
  class space    used 18578K, committed 19008K, reserved 1048576K
}
Event: 109.664 GC heap after
{Heap after GC invocations=47 (full 0):
 garbage-first heap   total 423936K, used 163986K [0x0000000080000000, 0x0000000100000000)
  region size 1024K, 21 young (21504K), 21 survivors (21504K)
 Metaspace       used 136536K, committed 137472K, reserved 1171456K
  class space    used 18578K, committed 19008K, reserved 1048576K
}
Event: 109.681 GC heap before
{Heap before GC invocations=47 (full 0):
 garbage-first heap   total 423936K, used 165010K [0x0000000080000000, 0x0000000100000000)
  region size 1024K, 22 young (22528K), 21 survivors (21504K)
 Metaspace       used 136549K, committed 137472K, reserved 1171456K
  class space    used 18579K, committed 19008K, reserved 1048576K
}
Event: 109.691 GC heap after
{Heap after GC invocations=48 (full 0):
 garbage-first heap   total 423936K, used 156392K [0x0000000080000000, 0x0000000100000000)
  region size 1024K, 2 young (2048K), 2 survivors (2048K)
 Metaspace       used 136549K, committed 137472K, reserved 1171456K
  class space    used 18579K, committed 19008K, reserved 1048576K
}
Event: 110.250 GC heap before
{Heap before GC invocations=48 (full 0):
 garbage-first heap   total 423936K, used 223976K [0x0000000080000000, 0x0000000100000000)
  region size 1024K, 70 young (71680K), 2 survivors (2048K)
 Metaspace       used 138387K, committed 139328K, reserved 1171456K
  class space    used 18824K, committed 19264K, reserved 1048576K
}
Event: 110.257 GC heap after
{Heap after GC invocations=49 (full 0):
 garbage-first heap   total 423936K, used 165534K [0x0000000080000000, 0x0000000100000000)
  region size 1024K, 11 young (11264K), 11 survivors (11264K)
 Metaspace       used 138387K, committed 139328K, reserved 1171456K
  class space    used 18824K, committed 19264K, reserved 1048576K
}
Event: 111.567 GC heap before
{Heap before GC invocations=50 (full 0):
 garbage-first heap   total 423936K, used 322206K [0x0000000080000000, 0x0000000100000000)
  region size 1024K, 162 young (165888K), 11 survivors (11264K)
 Metaspace       used 146375K, committed 147328K, reserved 1179648K
  class space    used 20003K, committed 20480K, reserved 1048576K
}
Event: 111.579 GC heap after
{Heap after GC invocations=51 (full 0):
 garbage-first heap   total 423936K, used 182782K [0x0000000080000000, 0x0000000100000000)
  region size 1024K, 21 young (21504K), 21 survivors (21504K)
 Metaspace       used 146375K, committed 147328K, reserved 1179648K
  class space    used 20003K, committed 20480K, reserved 1048576K
}
Event: 111.586 GC heap before
{Heap before GC invocations=51 (full 0):
 garbage-first heap   total 423936K, used 183806K [0x0000000080000000, 0x0000000100000000)
  region size 1024K, 22 young (22528K), 21 survivors (21504K)
 Metaspace       used 146385K, committed 147328K, reserved 1179648K
  class space    used 20003K, committed 20480K, reserved 1048576K
}
Event: 111.600 GC heap after
{Heap after GC invocations=52 (full 0):
 garbage-first heap   total 423936K, used 178916K [0x0000000080000000, 0x0000000100000000)
  region size 1024K, 2 young (2048K), 2 survivors (2048K)
 Metaspace       used 146385K, committed 147328K, reserved 1179648K
  class space    used 20003K, committed 20480K, reserved 1048576K
}
Event: 112.079 GC heap before
{Heap before GC invocations=52 (full 0):
 garbage-first heap   total 423936K, used 215780K [0x0000000080000000, 0x0000000100000000)
  region size 1024K, 39 young (39936K), 2 survivors (2048K)
 Metaspace       used 147207K, committed 148160K, reserved 1179648K
  class space    used 20059K, committed 20544K, reserved 1048576K
}
Event: 112.082 GC heap after
{Heap after GC invocations=53 (full 0):
 garbage-first heap   total 423936K, used 181210K [0x0000000080000000, 0x0000000100000000)
  region size 1024K, 4 young (4096K), 4 survivors (4096K)
 Metaspace       used 147207K, committed 148160K, reserved 1179648K
  class space    used 20059K, committed 20544K, reserved 1048576K
}
Event: 132.372 GC heap before
{Heap before GC invocations=54 (full 0):
 garbage-first heap   total 423936K, used 350170K [0x0000000080000000, 0x0000000100000000)
  region size 1024K, 152 young (155648K), 4 survivors (4096K)
 Metaspace       used 148762K, committed 149696K, reserved 1179648K
  class space    used 20153K, committed 20608K, reserved 1048576K
}
Event: 132.376 GC heap after
{Heap after GC invocations=55 (full 0):
 garbage-first heap   total 423936K, used 181658K [0x0000000080000000, 0x0000000100000000)
  region size 1024K, 5 young (5120K), 5 survivors (5120K)
 Metaspace       used 148762K, committed 149696K, reserved 1179648K
  class space    used 20153K, committed 20608K, reserved 1048576K
}
Event: 132.460 GC heap before
{Heap before GC invocations=55 (full 0):
 garbage-first heap   total 423936K, used 197018K [0x0000000080000000, 0x0000000100000000)
  region size 1024K, 20 young (20480K), 5 survivors (5120K)
 Metaspace       used 148850K, committed 149824K, reserved 1179648K
  class space    used 20154K, committed 20608K, reserved 1048576K
}
Event: 132.471 GC heap after
{Heap after GC invocations=56 (full 0):
 garbage-first heap   total 423936K, used 164536K [0x0000000080000000, 0x0000000100000000)
  region size 1024K, 2 young (2048K), 2 survivors (2048K)
 Metaspace       used 148850K, committed 149824K, reserved 1179648K
  class space    used 20154K, committed 20608K, reserved 1048576K
}
Event: 135.524 GC heap before
{Heap before GC invocations=56 (full 0):
 garbage-first heap   total 423936K, used 278200K [0x0000000080000000, 0x0000000100000000)
  region size 1024K, 115 young (117760K), 2 survivors (2048K)
 Metaspace       used 149304K, committed 150336K, reserved 1179648K
  class space    used 20182K, committed 20672K, reserved 1048576K
}

