# JRE version: OpenJDK Runtime Environment (17.0.6) (build 17.0.6+0-b2043.56-10027231)
# Java VM: OpenJDK 64-Bit Server VM (17.0.6+0-b2043.56-10027231, mixed mode, tiered, compressed oops, compressed class ptrs, g1 gc, windows-amd64)
GC Precious Log:
 CPUs: 8 total, 8 available
 Memory: 16118M
 Large Page Support: Disabled
 NUMA Support: Disabled
 Compressed Oops: Enabled (32-bit)
 Heap Region Size: 1M
 Heap Min Capacity: 8M
 Heap Initial Capacity: 252M
 Heap Max Capacity: 2G
 Pre-touch: Disabled
 Parallel Workers: 8
 Concurrent Workers: 2
 Concurrent Refinement Workers: 8
 Periodic GC: Disabled
Heap:
 garbage-first heap   total 331776K, used 198705K [0x0000000080000000, 0x0000000100000000)
  region size 1024K, 35 young (35840K), 2 survivors (2048K)
 Metaspace       used 152066K, committed 153152K, reserved 1187840K
  class space    used 20441K, committed 20992K, reserved 1048576K
GC Heap History (20 events):
Event: 11.344 GC heap before
{Heap before GC invocations=38 (full 0):
 garbage-first heap   total 331776K, used 107975K [0x0000000080000000, 0x0000000100000000)
  region size 1024K, 16 young (16384K), 14 survivors (14336K)
 Metaspace       used 97623K, committed 98304K, reserved 1138688K
  class space    used 13268K, committed 13568K, reserved 1048576K
}
Event: 11.355 GC heap after
{Heap after GC invocations=39 (full 0):
 garbage-first heap   total 331776K, used 107396K [0x0000000080000000, 0x0000000100000000)
  region size 1024K, 2 young (2048K), 2 survivors (2048K)
 Metaspace       used 97623K, committed 98304K, reserved 1138688K
  class space    used 13268K, committed 13568K, reserved 1048576K
}
Event: 145.177 GC heap before
{Heap before GC invocations=39 (full 0):
 garbage-first heap   total 331776K, used 253828K [0x0000000080000000, 0x0000000100000000)
  region size 1024K, 146 young (149504K), 2 survivors (2048K)
 Metaspace       used 101754K, committed 102464K, reserved 1138688K
  class space    used 13674K, committed 14016K, reserved 1048576K
}
Event: 145.186 GC heap after
{Heap after GC invocations=40 (full 0):
 garbage-first heap   total 331776K, used 118061K [0x0000000080000000, 0x0000000100000000)
  region size 1024K, 13 young (13312K), 13 survivors (13312K)
 Metaspace       used 101754K, committed 102464K, reserved 1138688K
  class space    used 13674K, committed 14016K, reserved 1048576K
}
Event: 148.020 GC heap before
{Heap before GC invocations=40 (full 0):
 garbage-first heap   total 331776K, used 267565K [0x0000000080000000, 0x0000000100000000)
  region size 1024K, 151 young (154624K), 13 survivors (13312K)
 Metaspace       used 111722K, committed 112512K, reserved 1146880K
  class space    used 14909K, committed 15296K, reserved 1048576K
}
Event: 148.030 GC heap after
{Heap after GC invocations=41 (full 0):
 garbage-first heap   total 331776K, used 131895K [0x0000000080000000, 0x0000000100000000)
  region size 1024K, 10 young (10240K), 10 survivors (10240K)
 Metaspace       used 111722K, committed 112512K, reserved 1146880K
  class space    used 14909K, committed 15296K, reserved 1048576K
}
Event: 150.292 GC heap before
{Heap before GC invocations=41 (full 0):
 garbage-first heap   total 331776K, used 271159K [0x0000000080000000, 0x0000000100000000)
  region size 1024K, 140 young (143360K), 10 survivors (10240K)
 Metaspace       used 122265K, committed 123136K, reserved 1163264K
  class space    used 16123K, committed 16576K, reserved 1048576K
}
Event: 150.302 GC heap after
{Heap after GC invocations=42 (full 0):
 garbage-first heap   total 331776K, used 142178K [0x0000000080000000, 0x0000000100000000)
  region size 1024K, 18 young (18432K), 18 survivors (18432K)
 Metaspace       used 122265K, committed 123136K, reserved 1163264K
  class space    used 16123K, committed 16576K, reserved 1048576K
}
Event: 151.545 GC heap before
{Heap before GC invocations=42 (full 0):
 garbage-first heap   total 331776K, used 271202K [0x0000000080000000, 0x0000000100000000)
  region size 1024K, 141 young (144384K), 18 survivors (18432K)
 Metaspace       used 124982K, committed 125952K, reserved 1163264K
  class space    used 16484K, committed 16960K, reserved 1048576K
}
Event: 151.559 GC heap after
{Heap after GC invocations=43 (full 0):
 garbage-first heap   total 331776K, used 159510K [0x0000000080000000, 0x0000000100000000)
  region size 1024K, 18 young (18432K), 18 survivors (18432K)
 Metaspace       used 124982K, committed 125952K, reserved 1163264K
  class space    used 16484K, committed 16960K, reserved 1048576K
}
Event: 152.457 GC heap before
{Heap before GC invocations=43 (full 0):
 garbage-first heap   total 331776K, used 266006K [0x0000000080000000, 0x0000000100000000)
  region size 1024K, 122 young (124928K), 18 survivors (18432K)
 Metaspace       used 134827K, committed 135744K, reserved 1171456K
  class space    used 17731K, committed 18176K, reserved 1048576K
}
Event: 152.473 GC heap after
{Heap after GC invocations=44 (full 0):
 garbage-first heap   total 331776K, used 169929K [0x0000000080000000, 0x0000000100000000)
  region size 1024K, 10 young (10240K), 10 survivors (10240K)
 Metaspace       used 134827K, committed 135744K, reserved 1171456K
  class space    used 17731K, committed 18176K, reserved 1048576K
}
Event: 153.522 GC heap before
{Heap before GC invocations=44 (full 0):
 garbage-first heap   total 331776K, used 270281K [0x0000000080000000, 0x0000000100000000)
  region size 1024K, 107 young (109568K), 10 survivors (10240K)
 Metaspace       used 143610K, committed 144640K, reserved 1179648K
  class space    used 19033K, committed 19520K, reserved 1048576K
}
Event: 153.529 GC heap after
{Heap after GC invocations=45 (full 0):
 garbage-first heap   total 331776K, used 176079K [0x0000000080000000, 0x0000000100000000)
  region size 1024K, 7 young (7168K), 7 survivors (7168K)
 Metaspace       used 143610K, committed 144640K, reserved 1179648K
  class space    used 19033K, committed 19520K, reserved 1048576K
}
Event: 153.955 GC heap before
{Heap before GC invocations=45 (full 0):
 garbage-first heap   total 331776K, used 221135K [0x0000000080000000, 0x0000000100000000)
  region size 1024K, 53 young (54272K), 7 survivors (7168K)
 Metaspace       used 150990K, committed 151936K, reserved 1187840K
  class space    used 20195K, committed 20672K, reserved 1048576K
}
Event: 153.961 GC heap after
{Heap after GC invocations=46 (full 0):
 garbage-first heap   total 331776K, used 177631K [0x0000000080000000, 0x0000000100000000)
  region size 1024K, 8 young (8192K), 8 survivors (8192K)
 Metaspace       used 150990K, committed 151936K, reserved 1187840K
  class space    used 20195K, committed 20672K, reserved 1048576K
}
Event: 191.839 GC heap before
{Heap before GC invocations=47 (full 0):
 garbage-first heap   total 331776K, used 288223K [0x0000000080000000, 0x0000000100000000)
  region size 1024K, 103 young (105472K), 8 survivors (8192K)
 Metaspace       used 151763K, committed 152704K, reserved 1187840K
  class space    used 20412K, committed 20864K, reserved 1048576K
}
Event: 191.847 GC heap after
{Heap after GC invocations=48 (full 0):
 garbage-first heap   total 331776K, used 173861K [0x0000000080000000, 0x0000000100000000)
  region size 1024K, 6 young (6144K), 6 survivors (6144K)
 Metaspace       used 151763K, committed 152704K, reserved 1187840K
  class space    used 20412K, committed 20864K, reserved 1048576K
}
Event: 191.933 GC heap before
{Heap before GC invocations=48 (full 0):
 garbage-first heap   total 331776K, used 184101K [0x0000000080000000, 0x0000000100000000)
  region size 1024K, 16 young (16384K), 6 survivors (6144K)
 Metaspace       used 151846K, committed 152832K, reserved 1187840K
  class space    used 20415K, committed 20864K, reserved 1048576K
}
Event: 191.948 GC heap after
{Heap after GC invocations=49 (full 0):
 garbage-first heap   total 331776K, used 165937K [0x0000000080000000, 0x0000000100000000)
  region size 1024K, 2 young (2048K), 2 survivors (2048K)
 Metaspace       used 151846K, committed 152832K, reserved 1187840K
  class space    used 20415K, committed 20864K, reserved 1048576K
}

